<?xml version="1.0" encoding="UTF-8"?>
<!-- Generated by org.testng.reporters.JUnitXMLReporter -->
<testsuite hostname="LAPTOP-L6CEFVU5" ignored="0" name="Command line test" tests="1" failures="1" timestamp="25 Nov 2020 15:48:41 GMT" time="4.276" errors="0">
  <testcase name="register" time="4.23" classname="com.mt.testcases.RegisterTest">
    <failure type="org.openqa.selenium.SessionNotCreatedException" message="session not created: This version of ChromeDriver only supports Chrome version 80
Build info: version: &amp;apos;3.141.59&amp;apos;, revision: &amp;apos;e82be7d358&amp;apos;, time: &amp;apos;2018-11-14T08:17:03&amp;apos;
System info: host: &amp;apos;LAPTOP-L6CEFVU5&amp;apos;, ip: &amp;apos;192.168.29.70&amp;apos;, os.name: &amp;apos;Windows 10&amp;apos;, os.arch: &amp;apos;amd64&amp;apos;, os.version: &amp;apos;10.0&amp;apos;, java.version: &amp;apos;1.8.0_251&amp;apos;
Driver info: driver.version: ChromeDriver
remote stacktrace: Backtrace:
	Ordinal0 [0x00250C83+1707139]
	Ordinal0 [0x001B68F1+1075441]
	Ordinal0 [0x0012DFC9+516041]
	Ordinal0 [0x000C0554+66900]
	Ordinal0 [0x000BCCE2+52450]
	Ordinal0 [0x000DBFD7+180183]
	Ordinal0 [0x000DBDDD+179677]
	Ordinal0 [0x000D9D4B+171339]
	Ordinal0 [0x000C1D4A+73034]
	Ordinal0 [0x000C2DC0+77248]
	Ordinal0 [0x000C2D59+77145]
	Ordinal0 [0x001CBB67+1162087]
	GetHandleVerifier [0x002EA966+508998]
	GetHandleVerifier [0x002EA6A4+508292]
	GetHandleVerifier [0x002FF7B7+594583]
	GetHandleVerifier [0x002EB1D6+511158]
	Ordinal0 [0x001C402C+1130540]
	Ordinal0 [0x001CD4CB+1168587]
	Ordinal0 [0x001CD633+1168947]
	Ordinal0 [0x001E5B35+1268533]
	BaseThreadInitThunk [0x76F9FA29+25]
	RtlGetAppContainerNamedObjectPath [0x771A75F4+228]
	RtlGetAppContainerNamedObjectPath [0x771A75C4+180]
	(No symbol) [0x00000000]
">
      <![CDATA[org.openqa.selenium.SessionNotCreatedException: session not created: This version of ChromeDriver only supports Chrome version 80
Build info: version: '3.141.59', revision: 'e82be7d358', time: '2018-11-14T08:17:03'
System info: host: 'LAPTOP-L6CEFVU5', ip: '192.168.29.70', os.name: 'Windows 10', os.arch: 'amd64', os.version: '10.0', java.version: '1.8.0_251'
Driver info: driver.version: ChromeDriver
remote stacktrace: Backtrace:
Ordinal0 [0x00250C83+1707139]
Ordinal0 [0x001B68F1+1075441]
Ordinal0 [0x0012DFC9+516041]
Ordinal0 [0x000C0554+66900]
Ordinal0 [0x000BCCE2+52450]
Ordinal0 [0x000DBFD7+180183]
Ordinal0 [0x000DBDDD+179677]
Ordinal0 [0x000D9D4B+171339]
Ordinal0 [0x000C1D4A+73034]
Ordinal0 [0x000C2DC0+77248]
Ordinal0 [0x000C2D59+77145]
Ordinal0 [0x001CBB67+1162087]
GetHandleVerifier [0x002EA966+508998]
GetHandleVerifier [0x002EA6A4+508292]
GetHandleVerifier [0x002FF7B7+594583]
GetHandleVerifier [0x002EB1D6+511158]
Ordinal0 [0x001C402C+1130540]
Ordinal0 [0x001CD4CB+1168587]
Ordinal0 [0x001CD633+1168947]
Ordinal0 [0x001E5B35+1268533]
BaseThreadInitThunk [0x76F9FA29+25]
RtlGetAppContainerNamedObjectPath [0x771A75F4+228]
RtlGetAppContainerNamedObjectPath [0x771A75C4+180]
(No symbol) [0x00000000]

at org.openqa.selenium.remote.W3CHandshakeResponse.lambda$errorHandler$0(W3CHandshakeResponse.java:62)
at org.openqa.selenium.remote.HandshakeResponse.lambda$getResponseFunction$0(HandshakeResponse.java:30)
at org.openqa.selenium.remote.ProtocolHandshake.lambda$createSession$0(ProtocolHandshake.java:126)
at java.util.stream.ReferencePipeline$3$1.accept(ReferencePipeline.java:193)
at java.util.Spliterators$ArraySpliterator.tryAdvance(Spliterators.java:958)
at java.util.stream.ReferencePipeline.forEachWithCancel(ReferencePipeline.java:126)
at java.util.stream.AbstractPipeline.copyIntoWithCancel(AbstractPipeline.java:499)
at java.util.stream.AbstractPipeline.copyInto(AbstractPipeline.java:486)
at java.util.stream.AbstractPipeline.wrapAndCopyInto(AbstractPipeline.java:472)
at java.util.stream.FindOps$FindOp.evaluateSequential(FindOps.java:152)
at java.util.stream.AbstractPipeline.evaluate(AbstractPipeline.java:234)
at java.util.stream.ReferencePipeline.findFirst(ReferencePipeline.java:464)
at org.openqa.selenium.remote.ProtocolHandshake.createSession(ProtocolHandshake.java:128)
at org.openqa.selenium.remote.ProtocolHandshake.createSession(ProtocolHandshake.java:74)
at org.openqa.selenium.remote.HttpCommandExecutor.execute(HttpCommandExecutor.java:136)
at org.openqa.selenium.remote.service.DriverCommandExecutor.execute(DriverCommandExecutor.java:83)
at org.openqa.selenium.remote.RemoteWebDriver.execute(RemoteWebDriver.java:552)
at org.openqa.selenium.remote.RemoteWebDriver.startSession(RemoteWebDriver.java:213)
at org.openqa.selenium.remote.RemoteWebDriver.<init>(RemoteWebDriver.java:131)
at org.openqa.selenium.chrome.ChromeDriver.<init>(ChromeDriver.java:181)
at org.openqa.selenium.chrome.ChromeDriver.<init>(ChromeDriver.java:168)
at org.openqa.selenium.chrome.ChromeDriver.<init>(ChromeDriver.java:123)
at com.mt.utility.Common.openbrowser(Common.java:17)
at com.mt.testcases.RegisterTest.register(RegisterTest.java:21)
... Removed 38 stack frames]]>
    </failure>
  </testcase> <!-- register -->
</testsuite> <!-- Command line test -->
